Determining if the pthread_create exist failed with the following output:
Change Dir: /home/cuongd/CuongD/VHT_Task/tcp_client/CMakeFiles/CMakeTmp

Run Build Command:"/usr/bin/make" "cmTC_42c72/fast"
/usr/bin/make -f CMakeFiles/cmTC_42c72.dir/build.make CMakeFiles/cmTC_42c72.dir/build
make[1]: Entering directory '/home/cuongd/CuongD/VHT_Task/tcp_client/CMakeFiles/CMakeTmp'
Building C object CMakeFiles/cmTC_42c72.dir/CheckSymbolExists.c.o
/usr/bin/cc     -o CMakeFiles/cmTC_42c72.dir/CheckSymbolExists.c.o   -c /home/cuongd/CuongD/VHT_Task/tcp_client/CMakeFiles/CMakeTmp/CheckSymbolExists.c
Linking C executable cmTC_42c72
/usr/bin/cmake -E cmake_link_script CMakeFiles/cmTC_42c72.dir/link.txt --verbose=1
/usr/bin/cc       CMakeFiles/cmTC_42c72.dir/CheckSymbolExists.c.o  -o cmTC_42c72 -rdynamic 
CMakeFiles/cmTC_42c72.dir/CheckSymbolExists.c.o: In function `main':
CheckSymbolExists.c:(.text+0x16): undefined reference to `pthread_create'
collect2: error: ld returned 1 exit status
CMakeFiles/cmTC_42c72.dir/build.make:97: recipe for target 'cmTC_42c72' failed
make[1]: *** [cmTC_42c72] Error 1
make[1]: Leaving directory '/home/cuongd/CuongD/VHT_Task/tcp_client/CMakeFiles/CMakeTmp'
Makefile:126: recipe for target 'cmTC_42c72/fast' failed
make: *** [cmTC_42c72/fast] Error 2

File /home/cuongd/CuongD/VHT_Task/tcp_client/CMakeFiles/CMakeTmp/CheckSymbolExists.c:
/* */
#include <pthread.h>

int main(int argc, char** argv)
{
  (void)argv;
#ifndef pthread_create
  return ((int*)(&pthread_create))[argc];
#else
  (void)argc;
  return 0;
#endif
}

